<?xml version="1.0" encoding="UTF-8"?>
<testng-results skipped="0" failed="0" ignored="0" total="1" passed="1">
  <reporter-output>
  </reporter-output>
  <suite name="Default suite" duration-ms="42161" started-at="2020-01-27T13:07:49 IST" finished-at="2020-01-27T13:08:31 IST">
    <groups>
    </groups>
    <test name="Default test" duration-ms="42161" started-at="2020-01-27T13:07:49 IST" finished-at="2020-01-27T13:08:31 IST">
      <class name="testPackage.FbCreateAccountTest">
        <test-method status="PASS" signature="openBrowser()[pri:0, instance:testPackage.FbCreateAccountTest@73a1e9a9]" name="openBrowser" is-config="true" duration-ms="30" started-at="2020-01-27T13:07:49 IST" finished-at="2020-01-27T13:07:49 IST">
          <reporter-output>
          </reporter-output>
        </test-method> <!-- openBrowser -->
        <test-method status="PASS" signature="fillFBCreateAccount()[pri:0, instance:testPackage.FbCreateAccountTest@73a1e9a9]" name="fillFBCreateAccount" duration-ms="42042" started-at="2020-01-27T13:07:49 IST" finished-at="2020-01-27T13:08:31 IST">
          <reporter-output>
          </reporter-output>
        </test-method> <!-- fillFBCreateAccount -->
      </class> <!-- testPackage.FbCreateAccountTest -->
    </test> <!-- Default test -->
  </suite> <!-- Default suite -->
</testng-results>
